app/build/intermediates/manifest_merge_blame_file/release/manifest-merger-blame-release-report.txt
1<?xml version="1.0" encoding="utf-8"?>
2<manifest xmlns:android="http://schemas.android.com/apk/res/android"
3    package="armymart.cloud.ec"
4    android:versionCode="10201"
5    android:versionName="1.2.1" >
6
7    <uses-sdk
8        android:minSdkVersion="23"
8-->src/main/AndroidManifest.xml
9        android:targetSdkVersion="29" />
9-->src/main/AndroidManifest.xml
10
11    <uses-permission android:name="android.permission.INTERNET" />
11-->src/main/AndroidManifest.xml:6:5-67
11-->src/main/AndroidManifest.xml:6:22-64
12    <uses-permission android:name="android.permission.READ_PRIVILEGED_PHONE_STATE" />
12-->src/main/AndroidManifest.xml:7:5-122
12-->src/main/AndroidManifest.xml:7:22-83
13    <uses-permission android:name="android.permission.WRITE_EXTERNAL_STORAGE" />
13-->src/main/AndroidManifest.xml:8:5-81
13-->src/main/AndroidManifest.xml:8:22-78
14    <uses-permission android:name="android.permission.ACCESS_NOTIFICATION_POLICY" />
14-->src/main/AndroidManifest.xml:9:5-85
14-->src/main/AndroidManifest.xml:9:22-82
15    <uses-permission android:name="android.permission.READ_EXTERNAL_STORAGE" />
15-->src/main/AndroidManifest.xml:10:5-79
15-->src/main/AndroidManifest.xml:10:22-77
16    <uses-permission android:name="android.permission.ACCESS_NETWORK_STATE" />
16-->[com.google.firebase:firebase-inappmessaging-display:17.0.4] AndroidManifest.xml:11:5-79
16-->[com.google.firebase:firebase-inappmessaging-display:17.0.4] AndroidManifest.xml:11:22-76
17    <uses-permission android:name="android.permission.WAKE_LOCK" />
17-->[com.google.firebase:firebase-measurement-connector-impl:17.0.2] AndroidManifest.xml:24:5-68
17-->[com.google.firebase:firebase-measurement-connector-impl:17.0.2] AndroidManifest.xml:24:22-65
18    <uses-permission android:name="com.google.android.finsky.permission.BIND_GET_INSTALL_REFERRER_SERVICE" /> <!-- Required by older versions of Google Play services to create IID tokens -->
18-->[com.google.firebase:firebase-analytics:16.0.4] AndroidManifest.xml:26:5-110
18-->[com.google.firebase:firebase-analytics:16.0.4] AndroidManifest.xml:26:22-107
19    <uses-permission android:name="com.google.android.c2dm.permission.RECEIVE" />
19-->[com.google.firebase:firebase-iid:17.0.4] AndroidManifest.xml:26:5-82
19-->[com.google.firebase:firebase-iid:17.0.4] AndroidManifest.xml:26:22-79
20
21    <application
21-->src/main/AndroidManifest.xml:11:5-36:19
22        android:allowBackup="true"
22-->src/main/AndroidManifest.xml:12:9-35
23        android:appComponentFactory="androidx.core.app.CoreComponentFactory"
23-->[androidx.core:core:1.3.2] AndroidManifest.xml:24:18-86
24        android:extractNativeLibs="false"
25        android:icon="@mipmap/ic_launcher"
25-->src/main/AndroidManifest.xml:13:9-43
26        android:label="@string/app_name"
26-->src/main/AndroidManifest.xml:14:9-41
27        android:networkSecurityConfig="@xml/network_security_config"
27-->src/main/AndroidManifest.xml:15:9-69
28        android:requestLegacyExternalStorage="true"
28-->src/main/AndroidManifest.xml:19:9-52
29        android:roundIcon="@mipmap/ic_launcher_round"
29-->src/main/AndroidManifest.xml:16:9-54
30        android:supportsRtl="true"
30-->src/main/AndroidManifest.xml:17:9-35
31        android:theme="@style/Theme.AppCompat.NoActionBar"
31-->src/main/AndroidManifest.xml:18:9-59
32        android:usesCleartextTraffic="true" >
32-->src/main/AndroidManifest.xml:20:9-44
33        <activity
33-->src/main/AndroidManifest.xml:22:9-30:20
34            android:name="armymart.cloud.ec.MainActivity"
34-->src/main/AndroidManifest.xml:22:19-47
35            android:configChanges="orientation|keyboardHidden|screenSize"
35-->src/main/AndroidManifest.xml:23:13-76
36            android:screenOrientation="portrait" >
36-->src/main/AndroidManifest.xml:24:13-51
37            <intent-filter>
37-->src/main/AndroidManifest.xml:26:13-29:29
38                <action android:name="android.intent.action.MAIN" />
38-->src/main/AndroidManifest.xml:27:17-69
38-->src/main/AndroidManifest.xml:27:25-66
39
40                <category android:name="android.intent.category.LAUNCHER" />
40-->src/main/AndroidManifest.xml:28:17-77
40-->src/main/AndroidManifest.xml:28:27-74
41            </intent-filter>
42        </activity>
43
44        <service android:name="armymart.cloud.ec.MyFirebaseService.FirebaseServiceManager" >
44-->src/main/AndroidManifest.xml:31:9-35:19
44-->src/main/AndroidManifest.xml:31:18-74
45            <intent-filter>
45-->src/main/AndroidManifest.xml:32:13-34:29
46                <action android:name="com.google.firebase.MESSAGING_EVENT" />
46-->src/main/AndroidManifest.xml:33:17-77
46-->src/main/AndroidManifest.xml:33:25-75
47            </intent-filter>
48        </service>
49        <service
49-->[com.google.firebase:firebase-inappmessaging-display:17.0.4] AndroidManifest.xml:15:9-19:19
50            android:name="com.google.firebase.components.ComponentDiscoveryService"
50-->[com.google.firebase:firebase-inappmessaging-display:17.0.4] AndroidManifest.xml:15:18-89
51            android:exported="false" >
51-->[com.google.firebase:firebase-iid:17.0.4] AndroidManifest.xml:31:13-37
52            <meta-data
52-->[com.google.firebase:firebase-inappmessaging-display:17.0.4] AndroidManifest.xml:16:13-18:85
53                android:name="com.google.firebase.components:com.google.firebase.inappmessaging.display.FirebaseInAppMessagingDisplayRegistrar"
53-->[com.google.firebase:firebase-inappmessaging-display:17.0.4] AndroidManifest.xml:17:17-144
54                android:value="com.google.firebase.components.ComponentRegistrar" />
54-->[com.google.firebase:firebase-inappmessaging-display:17.0.4] AndroidManifest.xml:18:17-82
55            <meta-data
55-->[com.google.firebase:firebase-inappmessaging:17.0.4] AndroidManifest.xml:15:13-17:85
56                android:name="com.google.firebase.components:com.google.firebase.inappmessaging.FirebaseInAppMessagingRegistrar"
56-->[com.google.firebase:firebase-inappmessaging:17.0.4] AndroidManifest.xml:16:17-129
57                android:value="com.google.firebase.components.ComponentRegistrar" />
57-->[com.google.firebase:firebase-inappmessaging:17.0.4] AndroidManifest.xml:17:17-82
58            <meta-data
58-->[com.google.firebase:firebase-measurement-connector-impl:17.0.2] AndroidManifest.xml:28:13-30:85
59                android:name="com.google.firebase.components:com.google.firebase.analytics.connector.internal.AnalyticsConnectorRegistrar"
59-->[com.google.firebase:firebase-measurement-connector-impl:17.0.2] AndroidManifest.xml:29:17-139
60                android:value="com.google.firebase.components.ComponentRegistrar" />
60-->[com.google.firebase:firebase-measurement-connector-impl:17.0.2] AndroidManifest.xml:30:17-82
61            <meta-data
61-->[com.google.firebase:firebase-iid:17.0.4] AndroidManifest.xml:32:13-34:85
62                android:name="com.google.firebase.components:com.google.firebase.iid.Registrar"
62-->[com.google.firebase:firebase-iid:17.0.4] AndroidManifest.xml:33:17-96
63                android:value="com.google.firebase.components.ComponentRegistrar" />
63-->[com.google.firebase:firebase-iid:17.0.4] AndroidManifest.xml:34:17-82
64        </service>
65        <!--
66             FirebaseMessagingService performs security checks at runtime,
67             no need for explicit permissions despite exported="true"
68        -->
69        <service
69-->[com.google.firebase:firebase-messaging:17.3.4] AndroidManifest.xml:28:9-34:19
70            android:name="com.google.firebase.messaging.FirebaseMessagingService"
70-->[com.google.firebase:firebase-messaging:17.3.4] AndroidManifest.xml:29:13-82
71            android:exported="true" >
71-->[com.google.firebase:firebase-messaging:17.3.4] AndroidManifest.xml:30:13-36
72            <intent-filter android:priority="-500" >
72-->src/main/AndroidManifest.xml:32:13-34:29
73                <action android:name="com.google.firebase.MESSAGING_EVENT" />
73-->src/main/AndroidManifest.xml:33:17-77
73-->src/main/AndroidManifest.xml:33:25-75
74            </intent-filter>
75        </service>
76
77        <receiver
77-->[com.google.firebase:firebase-analytics:16.0.4] AndroidManifest.xml:29:9-33:20
78            android:name="com.google.android.gms.measurement.AppMeasurementReceiver"
78-->[com.google.firebase:firebase-analytics:16.0.4] AndroidManifest.xml:30:13-85
79            android:enabled="true"
79-->[com.google.firebase:firebase-analytics:16.0.4] AndroidManifest.xml:31:13-35
80            android:exported="false" >
80-->[com.google.firebase:firebase-analytics:16.0.4] AndroidManifest.xml:32:13-37
81        </receiver>
82        <receiver
82-->[com.google.firebase:firebase-analytics:16.0.4] AndroidManifest.xml:34:9-42:20
83            android:name="com.google.android.gms.measurement.AppMeasurementInstallReferrerReceiver"
83-->[com.google.firebase:firebase-analytics:16.0.4] AndroidManifest.xml:35:13-100
84            android:enabled="true"
84-->[com.google.firebase:firebase-analytics:16.0.4] AndroidManifest.xml:36:13-35
85            android:exported="true"
85-->[com.google.firebase:firebase-analytics:16.0.4] AndroidManifest.xml:37:13-36
86            android:permission="android.permission.INSTALL_PACKAGES" >
86-->[com.google.firebase:firebase-analytics:16.0.4] AndroidManifest.xml:38:13-69
87            <intent-filter>
87-->[com.google.firebase:firebase-analytics:16.0.4] AndroidManifest.xml:39:13-41:29
88                <action android:name="com.android.vending.INSTALL_REFERRER" />
88-->[com.google.firebase:firebase-analytics:16.0.4] AndroidManifest.xml:40:17-79
88-->[com.google.firebase:firebase-analytics:16.0.4] AndroidManifest.xml:40:25-76
89            </intent-filter>
90        </receiver>
91
92        <service
92-->[com.google.firebase:firebase-analytics:16.0.4] AndroidManifest.xml:44:9-47:40
93            android:name="com.google.android.gms.measurement.AppMeasurementService"
93-->[com.google.firebase:firebase-analytics:16.0.4] AndroidManifest.xml:45:13-84
94            android:enabled="true"
94-->[com.google.firebase:firebase-analytics:16.0.4] AndroidManifest.xml:46:13-35
95            android:exported="false" />
95-->[com.google.firebase:firebase-analytics:16.0.4] AndroidManifest.xml:47:13-37
96        <service
96-->[com.google.firebase:firebase-analytics:16.0.4] AndroidManifest.xml:48:9-52:72
97            android:name="com.google.android.gms.measurement.AppMeasurementJobService"
97-->[com.google.firebase:firebase-analytics:16.0.4] AndroidManifest.xml:49:13-87
98            android:enabled="true"
98-->[com.google.firebase:firebase-analytics:16.0.4] AndroidManifest.xml:50:13-35
99            android:exported="false"
99-->[com.google.firebase:firebase-analytics:16.0.4] AndroidManifest.xml:51:13-37
100            android:permission="android.permission.BIND_JOB_SERVICE" />
100-->[com.google.firebase:firebase-analytics:16.0.4] AndroidManifest.xml:52:13-69
101
102        <receiver
102-->[com.google.firebase:firebase-iid:17.0.4] AndroidManifest.xml:37:9-44:20
103            android:name="com.google.firebase.iid.FirebaseInstanceIdReceiver"
103-->[com.google.firebase:firebase-iid:17.0.4] AndroidManifest.xml:38:13-78
104            android:exported="true"
104-->[com.google.firebase:firebase-iid:17.0.4] AndroidManifest.xml:39:13-36
105            android:permission="com.google.android.c2dm.permission.SEND" >
105-->[com.google.firebase:firebase-iid:17.0.4] AndroidManifest.xml:40:13-73
106            <intent-filter>
106-->[com.google.firebase:firebase-iid:17.0.4] AndroidManifest.xml:41:13-43:29
107                <action android:name="com.google.android.c2dm.intent.RECEIVE" />
107-->[com.google.firebase:firebase-iid:17.0.4] AndroidManifest.xml:42:17-81
107-->[com.google.firebase:firebase-iid:17.0.4] AndroidManifest.xml:42:25-78
108            </intent-filter>
109        </receiver>
110        <!--
111             FirebaseInstanceIdService performs security checks at runtime,
112             no need for explicit permissions despite exported="true"
113        -->
114        <service
114-->[com.google.firebase:firebase-iid:17.0.4] AndroidManifest.xml:50:9-56:19
115            android:name="com.google.firebase.iid.FirebaseInstanceIdService"
115-->[com.google.firebase:firebase-iid:17.0.4] AndroidManifest.xml:51:13-77
116            android:exported="true" >
116-->[com.google.firebase:firebase-iid:17.0.4] AndroidManifest.xml:52:13-36
117            <intent-filter android:priority="-500" >
117-->[com.google.firebase:firebase-iid:17.0.4] AndroidManifest.xml:53:13-55:29
117-->[com.google.firebase:firebase-iid:17.0.4] AndroidManifest.xml:53:28-51
118                <action android:name="com.google.firebase.INSTANCE_ID_EVENT" />
118-->[com.google.firebase:firebase-iid:17.0.4] AndroidManifest.xml:54:17-80
118-->[com.google.firebase:firebase-iid:17.0.4] AndroidManifest.xml:54:25-77
119            </intent-filter>
120        </service>
121
122        <provider
122-->[com.google.firebase:firebase-common:16.0.4] AndroidManifest.xml:10:9-14:39
123            android:name="com.google.firebase.provider.FirebaseInitProvider"
123-->[com.google.firebase:firebase-common:16.0.4] AndroidManifest.xml:11:13-77
124            android:authorities="armymart.cloud.ec.firebaseinitprovider"
124-->[com.google.firebase:firebase-common:16.0.4] AndroidManifest.xml:12:13-72
125            android:exported="false"
125-->[com.google.firebase:firebase-common:16.0.4] AndroidManifest.xml:13:13-37
126            android:initOrder="100" />
126-->[com.google.firebase:firebase-common:16.0.4] AndroidManifest.xml:14:13-36
127
128        <activity
128-->[com.google.android.gms:play-services-base:16.0.1] AndroidManifest.xml:23:9-26:75
129            android:name="com.google.android.gms.common.api.GoogleApiActivity"
129-->[com.google.android.gms:play-services-base:16.0.1] AndroidManifest.xml:24:13-79
130            android:exported="false"
130-->[com.google.android.gms:play-services-base:16.0.1] AndroidManifest.xml:25:13-37
131            android:theme="@android:style/Theme.Translucent.NoTitleBar" />
131-->[com.google.android.gms:play-services-base:16.0.1] AndroidManifest.xml:26:13-72
132
133        <meta-data
133-->[com.google.android.gms:play-services-basement:16.0.1] AndroidManifest.xml:23:9-25:69
134            android:name="com.google.android.gms.version"
134-->[com.google.android.gms:play-services-basement:16.0.1] AndroidManifest.xml:24:13-58
135            android:value="@integer/google_play_services_version" />
135-->[com.google.android.gms:play-services-basement:16.0.1] AndroidManifest.xml:25:13-66
136    </application>
137
138</manifest>